2024-02-29 10:11:33-log: [Package] menu@1.0.0 enable
2024-02-29 10:11:33-log: [Package] profile@1.0.0 enable
2024-02-29 10:11:33-log: [Package] messages@1.0.0 enable
2024-02-29 10:11:33-log: [Package] program@1.0.0 enable
2024-02-29 10:11:33-log: [Package] device@1.0.1 enable
2024-02-29 10:11:33-log: [Package] ui-kit@1.0.1 enable
2024-02-29 10:11:33-log: [Package] tester@1.0.0 enable
2024-02-29 10:11:33-log: [Package] preferences@1.0.0 enable
2024-02-29 10:11:33-log: Setup mods mgr.: 140.899ms
2024-02-29 10:11:33-log: [Package] engine@1.0.5 enable
2024-02-29 10:11:35-log: [Package] programming@1.0.0 enable
2024-02-29 10:11:35-log: [Package] asset-db@1.0.0 enable
2024-02-29 10:11:35-log: [Package] console@1.0.0 enable
2024-02-29 10:11:35-log: [Package] scene@1.0.0 enable
2024-02-29 10:11:35-log: [Package] project@1.0.1 enable
2024-02-29 10:11:35-log: [Package] about@1.0.0 enable
2024-02-29 10:11:35-log: [Package] server@1.0.0 enable
2024-02-29 10:11:35-log: [Package] assets@1.0.0 enable
2024-02-29 10:11:35-log: [Package] inspector@1.0.0 enable
2024-02-29 10:11:35-log: [Package] hierarchy@1.0.0 enable
2024-02-29 10:11:36-log: [Package] preview@1.0.1 enable
2024-02-29 10:11:36-log: [Package] animator@1.0.0 enable
2024-02-29 10:11:36-log: [Package] builder@1.2.8 enable
2024-02-29 10:11:36-log: [Package] node-library@1.0.0 enable
2024-02-29 10:11:36-log: [Package] shortcuts@1.0.1 enable
2024-02-29 10:11:36-log: [Package] importer@1.0.0 enable
2024-02-29 10:11:36-log: [Package] package-asset@1.0.0 enable
2024-02-29 10:11:36-log: [Package] reference-image@1.0.0 enable
2024-02-29 10:11:36-log: [Package] channel-upload-tools@1.0.0 enable
2024-02-29 10:11:36-log: [Package] runtime-dev-tools@1.0.0 enable
2024-02-29 10:11:36-log: [Package] alipay-mini-game@1.0.0 enable
2024-02-29 10:11:36-log: [Package] android@1.0.0 enable
2024-02-29 10:11:36-log: [Package] baidu-mini-game@1.0.0 enable
2024-02-29 10:11:36-log: [Package] bytedance-mini-game@1.0.0 enable
2024-02-29 10:11:36-log: [Package] huawei-agc@1.0.0 enable
2024-02-29 10:11:37-log: [Package] ios@1.0.0 enable
2024-02-29 10:11:38-log: [Package] ios-app-clip@1.0.0 enable
2024-02-29 10:11:38-log: [Package] mac@1.0.0 enable
2024-02-29 10:11:38-log: [Package] native@1.0.0 enable
2024-02-29 10:11:38-log: [Package] ohos@1.0.0 enable
2024-02-29 10:11:38-log: [Package] web-desktop@1.0.0 enable
2024-02-29 10:11:38-log: [Package] web-mobile@1.0.0 enable
2024-02-29 10:11:38-log: [Package] wechatgame@1.0.0 enable
2024-02-29 10:11:38-log: [Package] windows@1.0.0 enable
2024-02-29 10:11:38-log: [Package] xiaomi-quick-game@1.0.0 enable
2024-02-29 10:11:38-log: [Package] cocos-play@1.0.0 enable
2024-02-29 10:11:38-log: [Package] huawei-quick-game@1.0.0 enable
2024-02-29 10:11:38-log: [Package] link-sure@1.0.0 enable
2024-02-29 10:11:38-log: [Package] oppo-mini-game@1.0.0 enable
2024-02-29 10:11:38-log: [Package] qtt@1.0.0 enable
2024-02-29 10:11:38-log: [Package] vivo-mini-game@1.0.0 enable
2024-02-29 10:11:38-log: [Package] cocos-service@3.0.1 enable
2024-02-29 10:11:38-log: [Package] extension@3.0.8 enable
2024-02-29 10:11:38-log: [Package] im-plugin@3.0.6 enable
2024-02-29 10:11:38-log: [Package] lightmap@1.0.3 enable
2024-02-29 10:11:45-warn: Browserslist: caniuse-lite is outdated. Please run:
npx browserslist@latest --update-db

Why you should do it regularly:
https://github.com/browserslist/browserslist#browsers-data-updating
2024-02-29 10:11:48-log: [Scene] begin init
2024-02-29 10:11:48-log: [Scene] require engine end
2024-02-29 10:11:48-log: [Scene] Serialize end
2024-02-29 10:11:48-log: [Scene] configureStartup end
2024-02-29 10:11:48-info: [Scene] WebGL2 device initialized.
2024-02-29 10:11:48-log: [Scene] Cocos Creator v3.3.0
2024-02-29 10:11:52-info: [Scene] Forward render pipeline initialized.
2024-02-29 10:11:52-log: [Scene] openEngine end
2024-02-29 10:11:52-log: [Scene] configureEngine end
2024-02-29 10:13:34-error: The "path" argument must be of type string or an instance of Buffer or URL. Received undefined
2024-02-29 10:13:34-error: The "path" argument must be of type string or an instance of Buffer or URL. Received undefined
2024-02-29 10:13:34-error: The "path" argument must be of type string or an instance of Buffer or URL. Received undefined
2024-02-29 10:13:34-error: The "path" argument must be of type string or an instance of Buffer or URL. Received undefined
2024-02-29 10:13:34-error: The "path" argument must be of type string or an instance of Buffer or URL. Received undefined
2024-02-29 10:13:34-error: The "path" argument must be of type string or an instance of Buffer or URL. Received undefined
2024-02-29 10:13:34-error: The "path" argument must be of type string or an instance of Buffer or URL. Received undefined
2024-02-29 10:13:34-error: The "path" argument must be of type string or an instance of Buffer or URL. Received undefined
2024-02-29 10:13:34-error: The "path" argument must be of type string or an instance of Buffer or URL. Received undefined
2024-02-29 10:13:34-error: The "path" argument must be of type string or an instance of Buffer or URL. Received undefined
2024-02-29 10:13:34-error: The "path" argument must be of type string or an instance of Buffer or URL. Received undefined
2024-02-29 10:13:34-error: The "path" argument must be of type string or an instance of Buffer or URL. Received undefined
2024-02-29 10:13:34-error: The "path" argument must be of type string or an instance of Buffer or URL. Received undefined
2024-02-29 10:13:34-error: The "path" argument must be of type string or an instance of Buffer or URL. Received undefined
2024-02-29 10:13:34-error: The "path" argument must be of type string or an instance of Buffer or URL. Received undefined
2024-02-29 10:13:34-error: The "path" argument must be of type string or an instance of Buffer or URL. Received undefined
2024-02-29 10:13:34-error: The "path" argument must be of type string or an instance of Buffer or URL. Received undefined
2024-02-29 10:13:34-error: The "path" argument must be of type string or an instance of Buffer or URL. Received undefined
2024-02-29 10:13:34-error: The "path" argument must be of type string or an instance of Buffer or URL. Received undefined
2024-02-29 10:13:34-error: The "path" argument must be of type string or an instance of Buffer or URL. Received undefined
2024-02-29 10:13:34-error: The "path" argument must be of type string or an instance of Buffer or URL. Received undefined
2024-02-29 10:13:34-error: The "path" argument must be of type string or an instance of Buffer or URL. Received undefined
2024-02-29 10:13:34-error: The "path" argument must be of type string or an instance of Buffer or URL. Received undefined
2024-02-29 10:13:34-error: The "path" argument must be of type string or an instance of Buffer or URL. Received undefined
2024-02-29 10:13:34-error: The "path" argument must be of type string or an instance of Buffer or URL. Received undefined
2024-02-29 10:13:34-error: The "path" argument must be of type string or an instance of Buffer or URL. Received undefined
2024-02-29 10:13:34-error: The "path" argument must be of type string or an instance of Buffer or URL. Received undefined
2024-02-29 10:13:34-error: The "path" argument must be of type string or an instance of Buffer or URL. Received undefined
2024-02-29 10:13:34-error: The "path" argument must be of type string or an instance of Buffer or URL. Received undefined
2024-02-29 10:13:34-error: The "path" argument must be of type string or an instance of Buffer or URL. Received undefined
2024-02-29 10:13:34-error: The "path" argument must be of type string or an instance of Buffer or URL. Received undefined
2024-02-29 10:13:34-error: The "path" argument must be of type string or an instance of Buffer or URL. Received undefined
2024-02-29 10:13:34-error: The "path" argument must be of type string or an instance of Buffer or URL. Received undefined
2024-02-29 10:13:34-error: The "path" argument must be of type string or an instance of Buffer or URL. Received undefined
2024-02-29 10:13:34-error: The "path" argument must be of type string or an instance of Buffer or URL. Received undefined
2024-02-29 10:13:34-error: The "path" argument must be of type string or an instance of Buffer or URL. Received undefined
2024-02-29 10:13:34-error: The "path" argument must be of type string or an instance of Buffer or URL. Received undefined
2024-02-29 10:13:34-error: The "path" argument must be of type string or an instance of Buffer or URL. Received undefined
2024-02-29 10:13:34-error: The "path" argument must be of type string or an instance of Buffer or URL. Received undefined
2024-02-29 10:13:34-error: The "path" argument must be of type string or an instance of Buffer or URL. Received undefined
2024-02-29 10:13:34-error: The "path" argument must be of type string or an instance of Buffer or URL. Received undefined
2024-02-29 10:13:34-error: The "path" argument must be of type string or an instance of Buffer or URL. Received undefined
2024-02-29 10:13:34-error: The "path" argument must be of type string or an instance of Buffer or URL. Received undefined
2024-02-29 10:13:34-error: The "path" argument must be of type string or an instance of Buffer or URL. Received undefined
2024-02-29 10:13:34-error: The "path" argument must be of type string or an instance of Buffer or URL. Received undefined
2024-02-29 10:13:34-error: The "path" argument must be of type string or an instance of Buffer or URL. Received undefined
2024-02-29 10:13:34-error: The "path" argument must be of type string or an instance of Buffer or URL. Received undefined
2024-02-29 10:13:34-error: The "path" argument must be of type string or an instance of Buffer or URL. Received undefined
2024-02-29 10:13:34-error: The "path" argument must be of type string or an instance of Buffer or URL. Received undefined
2024-02-29 10:13:34-error: The "path" argument must be of type string or an instance of Buffer or URL. Received undefined
2024-02-29 10:13:34-error: The "path" argument must be of type string or an instance of Buffer or URL. Received undefined
2024-02-29 10:13:34-error: The "path" argument must be of type string or an instance of Buffer or URL. Received undefined
2024-02-29 10:13:34-error: The "path" argument must be of type string or an instance of Buffer or URL. Received undefined
2024-02-29 10:13:34-error: The "path" argument must be of type string or an instance of Buffer or URL. Received undefined
2024-02-29 10:13:34-error: The "path" argument must be of type string or an instance of Buffer or URL. Received undefined
2024-02-29 10:13:34-error: The "path" argument must be of type string or an instance of Buffer or URL. Received undefined
2024-02-29 10:13:34-error: The "path" argument must be of type string or an instance of Buffer or URL. Received undefined
2024-02-29 10:13:34-error: The "path" argument must be of type string or an instance of Buffer or URL. Received undefined
2024-02-29 10:13:34-error: The "path" argument must be of type string or an instance of Buffer or URL. Received undefined
2024-02-29 10:13:34-error: The "path" argument must be of type string or an instance of Buffer or URL. Received undefined
